Using pre-set license
Built from '2020.2/release' branch; Version is '2020.2.4f1 (becced5a802b) revision 12504301'; Using compiler version '192528614'; Build Type 'Release'
OS: 'Windows 10 Home; OS build 19041.804; Version 2004; 64bit' Language: 'en' Physical Memory: 16305 MB
BatchMode: 1, IsHumanControllingUs: 0, StartBugReporterOnCrash: 0, Is64bit: 1, IsPro: 0

 COMMAND LINE ARGUMENTS:
C:\Program Files\Unity\Hub\Editor\2020.2.4f1\Editor\Unity.exe
-adb2
-batchMode
-noUpm
-name
AssetImportWorker0
-projectPath
C:/Users/Jesse/Documents/GitHub/AGP_Assignment2
-logFile
Logs/AssetImportWorker0.log
-srvPort
57129
Successfully changed project path to: C:/Users/Jesse/Documents/GitHub/AGP_Assignment2
C:/Users/Jesse/Documents/GitHub/AGP_Assignment2
Using Asset Import Pipeline V2.
Refreshing native plugins compatible for Editor in 39.14 ms, found 0 plugins.
Preloading 0 native plugins for Editor in 0.00 ms.
Initialize engine version: 2020.2.4f1 (becced5a802b)
[Subsystems] Discovering subsystems at path C:/Program Files/Unity/Hub/Editor/2020.2.4f1/Editor/Data/Resources/UnitySubsystems
[Subsystems] Discovering subsystems at path C:/Users/Jesse/Documents/GitHub/AGP_Assignment2/Assets
GfxDevice: creating device client; threaded=0
Direct3D:
    Version:  Direct3D 11.0 [level 11.1]
    Renderer: NVIDIA GeForce GTX 1660 Ti (ID=0x2182)
    Vendor:   
    VRAM:     5991 MB
    Driver:   27.21.14.5671
Shader 'Universal Render Pipeline/Particles/Lit': fallback shader 'Universal Render Pipeline/Particles/SimpleLit' not found
Initialize mono
Mono path[0] = 'C:/Program Files/Unity/Hub/Editor/2020.2.4f1/Editor/Data/Managed'
Mono path[1] = 'C:/Program Files/Unity/Hub/Editor/2020.2.4f1/Editor/Data/MonoBleedingEdge/lib/mono/unityjit'
Mono config path = 'C:/Program Files/Unity/Hub/Editor/2020.2.4f1/Editor/Data/MonoBleedingEdge/etc'
Using monoOptions --debugger-agent=transport=dt_socket,embedding=1,server=y,suspend=n,address=127.0.0.1:56624
Begin MonoManager ReloadAssembly
Registering precompiled unity dll's ...
Register platform support module: C:/Program Files/Unity/Hub/Editor/2020.2.4f1/Editor/Data/PlaybackEngines/WebGLSupport/UnityEditor.WebGL.Extensions.dll
Register platform support module: C:/Program Files/Unity/Hub/Editor/2020.2.4f1/Editor/Data/PlaybackEngines/WindowsStandaloneSupport/UnityEditor.WindowsStandalone.Extensions.dll
Registered in 0.002653 seconds.
Native extension for WindowsStandalone target not found
Native extension for WebGL target not found
Refreshing native plugins compatible for Editor in 42.86 ms, found 0 plugins.
Preloading 0 native plugins for Editor in 0.00 ms.
Invoked RoslynAnalysisRunner static constructor.
RoslynAnalysisRunner will not be running.
RoslynAnalysisRunner has terminated.
Mono: successfully reloaded assembly
- Completed reload, in  1.769 seconds
Platform modules already initialized, skipping
Registering precompiled user dll's ...
Registered in 0.001378 seconds.
Begin MonoManager ReloadAssembly
Native extension for WindowsStandalone target not found
Native extension for WebGL target not found
Refreshing native plugins compatible for Editor in 41.75 ms, found 0 plugins.
Preloading 0 native plugins for Editor in 0.00 ms.
Invoked RoslynAnalysisRunner static constructor.
RoslynAnalysisRunner will not be running.
RoslynAnalysisRunner has terminated.
Mono: successfully reloaded assembly
- Completed reload, in  0.847 seconds
Platform modules already initialized, skipping
========================================================================
Worker process is ready to serve import requests
Shader 'Universal Render Pipeline/Particles/Lit': fallback shader 'Universal Render Pipeline/Particles/SimpleLit' not found
Launched and connected shader compiler UnityShaderCompiler.exe after 0.04 seconds
Refreshing native plugins compatible for Editor in 0.37 ms, found 0 plugins.
Preloading 0 native plugins for Editor in 0.00 ms.
Unloading 2724 Unused Serialized files (Serialized files now loaded: 0)
System memory in use before: 124.6 MB.
System memory in use after: 124.8 MB.

Unloading 12 unused Assets to reduce memory usage. Loaded Objects now: 3166.
Total: 2.000500 ms (FindLiveObjects: 0.218500 ms CreateObjectMapping: 0.110200 ms MarkObjects: 1.617500 ms  DeleteObjects: 0.053600 ms)

========================================================================
Received Import Request.
  path: Assets/Materials
  artifactKey: Guid(d0234ba368eeec9418390da711bfdad0) Importer(815301076,1909f56bfc062723c751e8b465ee728b)
Start importing Assets/Materials using Guid(d0234ba368eeec9418390da711bfdad0) Importer(815301076,1909f56bfc062723c751e8b465ee728b)  -> (artifact id: 'c9b20449dc8cb8f7422ac759c624d678') in 0.005475 seconds
  Import took 0.008898 seconds .

========================================================================
Received Import Request.
  Time since last request: 0.000369 seconds.
  path: Assets/Materials/LockTex.renderTexture
  artifactKey: Guid(e031f95eb5743dc43a924d391085a62e) Importer(815301076,1909f56bfc062723c751e8b465ee728b)
Start importing Assets/Materials/LockTex.renderTexture using Guid(e031f95eb5743dc43a924d391085a62e) Importer(815301076,1909f56bfc062723c751e8b465ee728b)  -> (artifact id: '7e632c90a859ab8b9d5c820d12a1b4d0') in 0.072469 seconds
  Import took 0.075649 seconds .

========================================================================
Received Import Request.
  Time since last request: 0.000375 seconds.
  path: Assets/Materials/Bars1.png
  artifactKey: Guid(4cf4fd6b07236c6419b29672796a2380) Importer(815301076,1909f56bfc062723c751e8b465ee728b)
Start importing Assets/Materials/Bars1.png using Guid(4cf4fd6b07236c6419b29672796a2380) Importer(815301076,1909f56bfc062723c751e8b465ee728b)  -> (artifact id: '819a9c39e650c7cf4ac43551da0311ae') in 0.016481 seconds
  Import took 0.020044 seconds .

========================================================================
Received Import Request.
  Time since last request: 0.000405 seconds.
  path: Assets/Materials/LockCam.mat
  artifactKey: Guid(549b7c4fac407a8448dba47fdd5f5be5) Importer(815301076,1909f56bfc062723c751e8b465ee728b)
Start importing Assets/Materials/LockCam.mat using Guid(549b7c4fac407a8448dba47fdd5f5be5) Importer(815301076,1909f56bfc062723c751e8b465ee728b)  -> (artifact id: '4709121beb3538544b381e1c1772b823') in 0.288700 seconds
  Import took 0.292892 seconds .

========================================================================
Received Import Request.
  Time since last request: 0.000391 seconds.
  path: Assets/Materials/CircleMask.png
  artifactKey: Guid(b54d3c869dfc4194fa546cad68c73a45) Importer(815301076,1909f56bfc062723c751e8b465ee728b)
Start importing Assets/Materials/CircleMask.png using Guid(b54d3c869dfc4194fa546cad68c73a45) Importer(815301076,1909f56bfc062723c751e8b465ee728b)  -> (artifact id: '1aeee56c6b7d80b99599ed338c8d9fce') in 0.008608 seconds
  Import took 0.012755 seconds .

========================================================================
Received Import Request.
  Time since last request: 0.000373 seconds.
  path: Assets/Materials/Skybox_Mat.mat
  artifactKey: Guid(0ffaa0b7117ba8c47a9d05ae701d4b4d) Importer(815301076,1909f56bfc062723c751e8b465ee728b)
Start importing Assets/Materials/Skybox_Mat.mat using Guid(0ffaa0b7117ba8c47a9d05ae701d4b4d) Importer(815301076,1909f56bfc062723c751e8b465ee728b)  -> (artifact id: 'f2ec414ddb09ed85e772c0d81d072ac3') in 0.013646 seconds
  Import took 0.019053 seconds .

========================================================================
Received Import Request.
  Time since last request: 0.000500 seconds.
  path: Assets/Materials/HoloMat.mat
  artifactKey: Guid(3ac84f000d509504c9d588bcc476c675) Importer(815301076,1909f56bfc062723c751e8b465ee728b)
Start importing Assets/Materials/HoloMat.mat using Guid(3ac84f000d509504c9d588bcc476c675) Importer(815301076,1909f56bfc062723c751e8b465ee728b)  -> (artifact id: '86c08fae075fffa9f8ca7a135ee60533') in 0.023187 seconds
  Import took 0.027277 seconds .

========================================================================
Received Import Request.
  Time since last request: 0.000440 seconds.
  path: Assets/Materials/RingMetalBlue.mat
  artifactKey: Guid(7ddb5ca5ac811924a80f76daeddaf5a1) Importer(815301076,1909f56bfc062723c751e8b465ee728b)
Start importing Assets/Materials/RingMetalBlue.mat using Guid(7ddb5ca5ac811924a80f76daeddaf5a1) Importer(815301076,1909f56bfc062723c751e8b465ee728b)  -> (artifact id: 'bed449f385181d221d6e42a056b384e9') in 0.233953 seconds
  Import took 0.237625 seconds .

========================================================================
Received Import Request.
  Time since last request: 0.000339 seconds.
  path: Assets/Materials/RingMat1.mat
  artifactKey: Guid(eb680e10ca43e604fa3e8084692becf2) Importer(815301076,1909f56bfc062723c751e8b465ee728b)
Start importing Assets/Materials/RingMat1.mat using Guid(eb680e10ca43e604fa3e8084692becf2) Importer(815301076,1909f56bfc062723c751e8b465ee728b)  -> (artifact id: '4816f13603bade51eaa69212c172f85f') in 0.454707 seconds
  Import took 0.458261 seconds .

========================================================================
Received Import Request.
  Time since last request: 0.000327 seconds.
  path: Assets/Materials/HorizBar.png
  artifactKey: Guid(061905ef85f5b1043b223cfe6bcf0996) Importer(815301076,1909f56bfc062723c751e8b465ee728b)
Start importing Assets/Materials/HorizBar.png using Guid(061905ef85f5b1043b223cfe6bcf0996) Importer(815301076,1909f56bfc062723c751e8b465ee728b)  -> (artifact id: 'ff0424d9d80190c38e1da59e59b7f98c') in 0.008286 seconds
  Import took 0.012388 seconds .

========================================================================
Received Import Request.
  Time since last request: 0.000382 seconds.
  path: Assets/Materials/ButtonMat.mat
  artifactKey: Guid(19815f5daa469ea4283a659acb90902c) Importer(815301076,1909f56bfc062723c751e8b465ee728b)
Start importing Assets/Materials/ButtonMat.mat using Guid(19815f5daa469ea4283a659acb90902c) Importer(815301076,1909f56bfc062723c751e8b465ee728b)  -> (artifact id: '7067552047a5f69edc3c73812f384aa9') in 0.011325 seconds
  Import took 0.015558 seconds .

========================================================================
Received Prepare
Shader 'Universal Render Pipeline/Particles/Lit': fallback shader 'Universal Render Pipeline/Particles/SimpleLit' not found
Refreshing native plugins compatible for Editor in 1.25 ms, found 0 plugins.
Preloading 0 native plugins for Editor in 0.00 ms.
Unloading 5 Unused Serialized files (Serialized files now loaded: 0)
System memory in use before: 71.7 MB.
System memory in use after: 72.0 MB.

Unloading 3 unused Assets to reduce memory usage. Loaded Objects now: 3277.
Total: 3.104100 ms (FindLiveObjects: 0.238400 ms CreateObjectMapping: 0.110700 ms MarkObjects: 2.743100 ms  DeleteObjects: 0.010600 ms)

========================================================================
Received Import Request.
  Time since last request: 171.458769 seconds.
  path: Assets/Presets/AudioCompressedInMemory.preset
  artifactKey: Guid(2dd802e4d37c65149922028d3e973832) Importer(815301076,1909f56bfc062723c751e8b465ee728b)
Start importing Assets/Presets/AudioCompressedInMemory.preset using Guid(2dd802e4d37c65149922028d3e973832) Importer(815301076,1909f56bfc062723c751e8b465ee728b)  -> (artifact id: 'e698f90e6368db904c30b1de094b241d') in 0.008841 seconds
  Import took 0.012928 seconds .

========================================================================
Received Import Request.
  Time since last request: 0.000393 seconds.
  path: Assets/Presets/AudioStreaming.preset
  artifactKey: Guid(86bcce7f5575b54408aa0f3a7d321039) Importer(815301076,1909f56bfc062723c751e8b465ee728b)
Start importing Assets/Presets/AudioStreaming.preset using Guid(86bcce7f5575b54408aa0f3a7d321039) Importer(815301076,1909f56bfc062723c751e8b465ee728b)  -> (artifact id: 'fc8972297000ffcae89b2e9fe97865fa') in 0.003793 seconds
  Import took 0.007192 seconds .

========================================================================
Received Import Request.
  Time since last request: 0.000407 seconds.
  path: Assets/Presets/NormalTexture.preset
  artifactKey: Guid(14a57cf3b9fa1c74b884aa7e0dcf1faa) Importer(815301076,1909f56bfc062723c751e8b465ee728b)
Start importing Assets/Presets/NormalTexture.preset using Guid(14a57cf3b9fa1c74b884aa7e0dcf1faa) Importer(815301076,1909f56bfc062723c751e8b465ee728b)  -> (artifact id: '8438906bfb23e8c91654d9356dc5b495') in 0.005173 seconds
  Import took 0.008726 seconds .

========================================================================
Received Import Request.
  Time since last request: 0.000353 seconds.
  path: Assets/Presets/UtilityTexture.preset
  artifactKey: Guid(45f7b2e3c78185248b3adbb14429c2ab) Importer(815301076,1909f56bfc062723c751e8b465ee728b)
Start importing Assets/Presets/UtilityTexture.preset using Guid(45f7b2e3c78185248b3adbb14429c2ab) Importer(815301076,1909f56bfc062723c751e8b465ee728b)  -> (artifact id: '61204677208b688b15ef017b77610575') in 0.004364 seconds
  Import took 0.007659 seconds .

========================================================================
Received Import Request.
  Time since last request: 0.604304 seconds.
  path: Assets/Prefabs/Button.prefab
  artifactKey: Guid(2c4d7ccc8d25c0a4bbdb202fd8043405) Importer(815301076,1909f56bfc062723c751e8b465ee728b)
Start importing Assets/Prefabs/Button.prefab using Guid(2c4d7ccc8d25c0a4bbdb202fd8043405) Importer(815301076,1909f56bfc062723c751e8b465ee728b)  -> (artifact id: '04e03120a955aa45fdf5153cf42683a0') in 0.026940 seconds
  Import took 0.030731 seconds .

========================================================================
Received Import Request.
  Time since last request: 0.000351 seconds.
  path: Assets/Prefabs/Player.prefab
  artifactKey: Guid(6445a352c413cfa46a23884223bc643b) Importer(815301076,1909f56bfc062723c751e8b465ee728b)
Start importing Assets/Prefabs/Player.prefab using Guid(6445a352c413cfa46a23884223bc643b) Importer(815301076,1909f56bfc062723c751e8b465ee728b)  -> (artifact id: 'ee50923106630c7cfa4db4237c515f27') in 0.019440 seconds
  Import took 0.022993 seconds .

========================================================================
Received Import Request.
  Time since last request: 0.000358 seconds.
  path: Assets/Prefabs/Safe.prefab
  artifactKey: Guid(32f8c340242c1f84aa5294f00052644d) Importer(815301076,1909f56bfc062723c751e8b465ee728b)
Start importing Assets/Prefabs/Safe.prefab using Guid(32f8c340242c1f84aa5294f00052644d) Importer(815301076,1909f56bfc062723c751e8b465ee728b)  -> (artifact id: 'b7d4b85810491fd03819d27e4418ab6a') in 0.010906 seconds
  Import took 0.014647 seconds .

========================================================================
Received Import Request.
  Time since last request: 42.077793 seconds.
  path: Assets/myInput.inputactions
  artifactKey: Guid(cbd245b8d1d3c9041ac30c9fc362b916) Importer(815301076,1909f56bfc062723c751e8b465ee728b)
Start importing Assets/myInput.inputactions using Guid(cbd245b8d1d3c9041ac30c9fc362b916) Importer(815301076,1909f56bfc062723c751e8b465ee728b)  -> (artifact id: '688734b69edf43849b099d5e8adc0768') in 0.007479 seconds
  Import took 0.012681 seconds .

========================================================================
Received Import Request.
  Time since last request: 0.003425 seconds.
  path: Assets/myInput.inputactions
  artifactKey: Guid(cbd245b8d1d3c9041ac30c9fc362b916) Importer(815301076,1909f56bfc062723c751e8b465ee728b)
Start importing Assets/myInput.inputactions using Guid(cbd245b8d1d3c9041ac30c9fc362b916) Importer(815301076,1909f56bfc062723c751e8b465ee728b)  -> (artifact id: '688734b69edf43849b099d5e8adc0768') in 0.003921 seconds
  Import took 0.007895 seconds .

========================================================================
Received Import Request.
  Time since last request: 1.865950 seconds.
  path: Assets/Meshes/Both.fbx
  artifactKey: Guid(eeee0efd194ab6a4a9fff443308608ab) Importer(815301076,1909f56bfc062723c751e8b465ee728b)
Start importing Assets/Meshes/Both.fbx using Guid(eeee0efd194ab6a4a9fff443308608ab) Importer(815301076,1909f56bfc062723c751e8b465ee728b)  -> (artifact id: '47b360626de0d6e0f0e91c46d8583403') in 0.247496 seconds
  Import took 0.251447 seconds .

========================================================================
Received Import Request.
  Time since last request: 0.000359 seconds.
  path: Assets/Meshes/Numbers.fbx
  artifactKey: Guid(8279012e9be45d246ad593b821777ec3) Importer(815301076,1909f56bfc062723c751e8b465ee728b)
Start importing Assets/Meshes/Numbers.fbx using Guid(8279012e9be45d246ad593b821777ec3) Importer(815301076,1909f56bfc062723c751e8b465ee728b)  -> (artifact id: '8fb69a0302549e0347ed0813fc2be6bb') in 0.049014 seconds
  Import took 0.052338 seconds .

========================================================================
Received Import Request.
  Time since last request: 0.000370 seconds.
  path: Assets/Meshes/Plain.fbx
  artifactKey: Guid(a9ef8d7a9b577c847b43cd3893708806) Importer(815301076,1909f56bfc062723c751e8b465ee728b)
Start importing Assets/Meshes/Plain.fbx using Guid(a9ef8d7a9b577c847b43cd3893708806) Importer(815301076,1909f56bfc062723c751e8b465ee728b)  -> (artifact id: '20000e6872b70817fec00c439a38711a') in 0.024141 seconds
  Import took 0.027471 seconds .

========================================================================
Received Import Request.
  Time since last request: 0.000331 seconds.
  path: Assets/Meshes/Button.fbx
  artifactKey: Guid(db88ee28921a7854c8f62c0f6106794f) Importer(815301076,1909f56bfc062723c751e8b465ee728b)
Start importing Assets/Meshes/Button.fbx using Guid(db88ee28921a7854c8f62c0f6106794f) Importer(815301076,1909f56bfc062723c751e8b465ee728b)  -> (artifact id: '93983b71a672db57849ef963935fd1aa') in 0.039553 seconds
  Import took 0.043070 seconds .

========================================================================
Received Import Request.
  Time since last request: 0.000309 seconds.
  path: Assets/Meshes/Safe.fbx
  artifactKey: Guid(e475a4455027caf4f8e59a4d13672ce7) Importer(815301076,1909f56bfc062723c751e8b465ee728b)
Start importing Assets/Meshes/Safe.fbx using Guid(e475a4455027caf4f8e59a4d13672ce7) Importer(815301076,1909f56bfc062723c751e8b465ee728b)  -> (artifact id: '066aebcde9f319d9ce88b47117c59db5') in 0.055215 seconds
  Import took 0.058928 seconds .

========================================================================
Received Import Request.
  Time since last request: 0.000325 seconds.
  path: Assets/Meshes/Stage.fbx
  artifactKey: Guid(b674b1fb203ae5d4ea1fdaa93503fdc6) Importer(815301076,1909f56bfc062723c751e8b465ee728b)
Start importing Assets/Meshes/Stage.fbx using Guid(b674b1fb203ae5d4ea1fdaa93503fdc6) Importer(815301076,1909f56bfc062723c751e8b465ee728b)  -> (artifact id: '7947d6677d199009c74b28d0b17ca40b') in 0.016081 seconds
  Import took 0.019721 seconds .

========================================================================
Received Import Request.
  Time since last request: 0.000321 seconds.
  path: Assets/Meshes/Hole.fbx
  artifactKey: Guid(4b0a6a892a534054caec6ccb02a1b6c1) Importer(815301076,1909f56bfc062723c751e8b465ee728b)
Start importing Assets/Meshes/Hole.fbx using Guid(4b0a6a892a534054caec6ccb02a1b6c1) Importer(815301076,1909f56bfc062723c751e8b465ee728b)  -> (artifact id: '7a722d7d8f47e5f53f9c0243f1ece6cf') in 0.025946 seconds
  Import took 0.029649 seconds .

========================================================================
Received Import Request.
  Time since last request: 0.000327 seconds.
  path: Assets/Meshes/Tooth.fbx
  artifactKey: Guid(17f58f2ab06e5c3419633a5ba05a804d) Importer(815301076,1909f56bfc062723c751e8b465ee728b)
Start importing Assets/Meshes/Tooth.fbx using Guid(17f58f2ab06e5c3419633a5ba05a804d) Importer(815301076,1909f56bfc062723c751e8b465ee728b)  -> (artifact id: 'b323b90dcbef8e0029744ec26f629439') in 0.013944 seconds
  Import took 0.017884 seconds .

========================================================================
Received Import Request.
  Time since last request: 5.514076 seconds.
  path: Assets/Scripts
  artifactKey: Guid(02a3527b6b33a924e8ec66aa805ea717) Importer(815301076,1909f56bfc062723c751e8b465ee728b)
Start importing Assets/Scripts using Guid(02a3527b6b33a924e8ec66aa805ea717) Importer(815301076,1909f56bfc062723c751e8b465ee728b)  -> (artifact id: '8b355bd5aa27b36226c6643d416f2f36') in 0.003360 seconds
  Import took 0.006906 seconds .

========================================================================
Received Import Request.
  Time since last request: 1.649389 seconds.
  path: Assets/Scripts/PlayerController.cs
  artifactKey: Guid(091342c48b960c04c84e4a111a9bd1a1) Importer(815301076,1909f56bfc062723c751e8b465ee728b)
Start importing Assets/Scripts/PlayerController.cs using Guid(091342c48b960c04c84e4a111a9bd1a1) Importer(815301076,1909f56bfc062723c751e8b465ee728b)  -> (artifact id: '53a4506a4bea33f6b7d40a221d1b33d0') in 0.006109 seconds
  Import took 0.009759 seconds .

========================================================================
Received Import Request.
  Time since last request: 0.018491 seconds.
  path: Assets/Scripts/PlayerController.cs
  artifactKey: Guid(091342c48b960c04c84e4a111a9bd1a1) Importer(815301076,1909f56bfc062723c751e8b465ee728b)
Start importing Assets/Scripts/PlayerController.cs using Guid(091342c48b960c04c84e4a111a9bd1a1) Importer(815301076,1909f56bfc062723c751e8b465ee728b)  -> (artifact id: '53a4506a4bea33f6b7d40a221d1b33d0') in 0.002608 seconds
  Import took 0.006733 seconds .

========================================================================
Received Import Request.
  Time since last request: 37.290945 seconds.
  path: Assets/Scripts/PlayerController.cs
  artifactKey: Guid(091342c48b960c04c84e4a111a9bd1a1) Importer(815301076,1909f56bfc062723c751e8b465ee728b)
Start importing Assets/Scripts/PlayerController.cs using Guid(091342c48b960c04c84e4a111a9bd1a1) Importer(815301076,1909f56bfc062723c751e8b465ee728b)  -> (artifact id: '4e4c13fd4a6a365d81e2623fada6c461') in 0.002958 seconds
  Import took 0.007293 seconds .

========================================================================
Received Prepare
Registering precompiled user dll's ...
Registered in 0.001397 seconds.
Begin MonoManager ReloadAssembly
Native extension for WindowsStandalone target not found
Native extension for WebGL target not found
Refreshing native plugins compatible for Editor in 0.39 ms, found 0 plugins.
Preloading 0 native plugins for Editor in 0.00 ms.
Invoked RoslynAnalysisRunner static constructor.
RoslynAnalysisRunner will not be running.
RoslynAnalysisRunner has terminated.
Mono: successfully reloaded assembly
- Completed reload, in  0.840 seconds
Platform modules already initialized, skipping
Shader 'Universal Render Pipeline/Particles/Lit': fallback shader 'Universal Render Pipeline/Particles/SimpleLit' not found
Refreshing native plugins compatible for Editor in 0.36 ms, found 0 plugins.
Preloading 0 native plugins for Editor in 0.00 ms.
Unloading 2600 Unused Serialized files (Serialized files now loaded: 0)
System memory in use before: 124.4 MB.
System memory in use after: 124.6 MB.

Unloading 5 unused Assets to reduce memory usage. Loaded Objects now: 3257.
Total: 2.045400 ms (FindLiveObjects: 0.216000 ms CreateObjectMapping: 0.094300 ms MarkObjects: 1.718500 ms  DeleteObjects: 0.015600 ms)

========================================================================
Received Prepare
Shader 'Universal Render Pipeline/Particles/Lit': fallback shader 'Universal Render Pipeline/Particles/SimpleLit' not found
Refreshing native plugins compatible for Editor in 1.14 ms, found 0 plugins.
Preloading 0 native plugins for Editor in 0.00 ms.
Unloading 3 Unused Serialized files (Serialized files now loaded: 0)
System memory in use before: 73.2 MB.
System memory in use after: 73.4 MB.

Unloading 3 unused Assets to reduce memory usage. Loaded Objects now: 3257.
Total: 1.899100 ms (FindLiveObjects: 0.228700 ms CreateObjectMapping: 0.105100 ms MarkObjects: 1.551600 ms  DeleteObjects: 0.012400 ms)

AssetImportWorkerClient::OnTransportError - code=2 error=End of file
